<?xml version="1.0" encoding="UTF-8"?>
<!-- Generated by org.testng.reporters.JUnitReportReporter -->
<testsuite hostname="LPCAIQ1099" failures="0" tests="3" name="Tests.FormPageValidationTests" time="60.010" errors="0" timestamp="2024-08-17T23:07:36 EET" skipped="0">
  <testcase classname="Tests.FormPageValidationTests" name="FormAlertValidation" time="9.495"/>
  <system-out/>
  <testcase classname="Tests.FormPageValidationTests" name="FormPositiveScenario" time="18.461"/>
  <system-out/>
  <testcase classname="Tests.FormPageValidationTests" name="FormPositiveScenario" time="32.054"/>
  <system-out/>
</testsuite> <!-- Tests.FormPageValidationTests -->
