<?xml version="1.0" encoding="UTF-8"?>
<!-- Generated by org.testng.reporters.JUnitReportReporter -->
<testsuite hostname="LPCAIQ1099" failures="0" tests="1" name="Tests.ExtentReport" time="0.206" errors="0" timestamp="2024-08-08T11:01:46 EET" skipped="0">
  <testcase classname="Tests.ExtentReport" name="outline" time="0.206"/>
  <system-out/>
</testsuite> <!-- Tests.ExtentReport -->
