<?xml version="1.0" encoding="UTF-8"?>
<!-- Generated by org.testng.reporters.JUnitReportReporter -->
<testsuite hostname="LPCAIQ1099" failures="0" tests="1" name="Tests.ValidateTotalPurchaseAmount_Native" time="38.795" errors="0" timestamp="2024-08-17T14:36:57 EET" skipped="0">
  <testcase classname="Tests.ValidateTotalPurchaseAmount_Native" name="ValidateTotalPurchaseAmount" time="38.795"/>
  <system-out/>
</testsuite> <!-- Tests.ValidateTotalPurchaseAmount_Native -->
