<?xml version="1.0" encoding="UTF-8"?>
<!-- Generated by org.testng.reporters.JUnitReportReporter -->
<testsuite hostname="LPCAIQ1099" failures="0" tests="1" name="Tests.FormPageValidationTests" time="10.780" errors="0" timestamp="2024-08-17T17:09:18 EEST" skipped="0">
  <testcase classname="Tests.FormPageValidationTests" name="FormAlertValidation" time="10.780"/>
  <system-out/>
</testsuite> <!-- Tests.FormPageValidationTests -->
