<?xml version="1.0" encoding="UTF-8"?>
<!-- Generated by org.testng.reporters.JUnitReportReporter -->
<testsuite hostname="LPCAIQ1099" failures="0" tests="1" name="Tests.ValidateTotalPurchaseAmount_Native" time="38.496" errors="0" timestamp="2024-08-17T15:39:37 EEST" skipped="0">
  <testcase classname="Tests.ValidateTotalPurchaseAmount_Native" name="ValidateTotalPurchaseAmount" time="38.496"/>
  <system-out/>
</testsuite> <!-- Tests.ValidateTotalPurchaseAmount_Native -->
